2024-10-07 16:17:52,296 WARNING database DDL Query made to DB:
alter table `tabAdopcion` add column if not exists parentfield varchar(140)
2024-10-07 16:17:52,359 WARNING database DDL Query made to DB:
ALTER TABLE `tabAdopcion` ADD COLUMN `cliente` varchar(140), ADD COLUMN `fecha_adopción` date
2024-10-07 16:22:28,619 WARNING database DDL Query made to DB:
alter table `tabAdopcion` add column if not exists parent varchar(140)
2024-10-07 16:22:28,621 WARNING database DDL Query made to DB:
alter table `tabAdopcion` add column if not exists parenttype varchar(140)
2024-10-07 16:22:28,621 WARNING database DDL Query made to DB:
alter table `tabAdopcion` add column if not exists parentfield varchar(140)
2024-10-07 17:45:23,202 WARNING database DDL Query made to DB:
DROP TABLE IF EXISTS `tabRevision`
2024-10-07 17:45:23,239 WARNING database DDL Query made to DB:
DROP TABLE IF EXISTS `tabComida`
2024-10-07 17:45:23,266 WARNING database DDL Query made to DB:
DROP TABLE IF EXISTS `tabEmpleado`
2024-10-07 17:45:23,291 WARNING database DDL Query made to DB:
DROP TABLE IF EXISTS `tabReserva`
2024-10-07 17:45:23,315 WARNING database DDL Query made to DB:
DROP TABLE IF EXISTS `tabAdopcion`
2024-10-07 17:45:23,340 WARNING database DDL Query made to DB:
DROP TABLE IF EXISTS `tabGato`
2024-10-07 17:45:23,365 WARNING database DDL Query made to DB:
DROP TABLE IF EXISTS `tabRaza`
2024-10-07 17:45:23,391 WARNING database DDL Query made to DB:
DROP TABLE IF EXISTS `tabCliente`
2024-10-07 17:47:15,659 WARNING database DDL Query made to DB:
create table `tabComida` (
			name varchar(140) primary key,
			creation datetime(6),
			modified datetime(6),
			modified_by varchar(140),
			owner varchar(140),
			docstatus int(1) not null default '0',
			idx int(8) not null default '0',
			`nombre` varchar(140) unique,
`tipo` varchar(140),
`unidades` int(11) not null default 0,
`_user_tags` text,
`_comments` text,
`_assign` text,
`_liked_by` text,
index modified(modified))
			ENGINE=InnoDB
			ROW_FORMAT=DYNAMIC
			CHARACTER SET=utf8mb4
			COLLATE=utf8mb4_unicode_ci
2024-10-07 17:47:15,728 WARNING database DDL Query made to DB:
create table `tabRaza` (
			name varchar(140) primary key,
			creation datetime(6),
			modified datetime(6),
			modified_by varchar(140),
			owner varchar(140),
			docstatus int(1) not null default '0',
			idx int(8) not null default '0',
			`nombre` varchar(140) unique,
`_user_tags` text,
`_comments` text,
`_assign` text,
`_liked_by` text,
index modified(modified))
			ENGINE=InnoDB
			ROW_FORMAT=DYNAMIC
			CHARACTER SET=utf8mb4
			COLLATE=utf8mb4_unicode_ci
2024-10-07 17:47:15,785 WARNING database DDL Query made to DB:
create table `tabRevision` (
			name varchar(140) primary key,
			creation datetime(6),
			modified datetime(6),
			modified_by varchar(140),
			owner varchar(140),
			docstatus int(1) not null default '0',
			idx int(8) not null default '0',
			`veterinario` varchar(140),
`incidencia` varchar(140),
`fecha` datetime(6),
`coste` decimal(21,9) not null default 0,
parent varchar(140),
parentfield varchar(140),
parenttype varchar(140),
index parent(parent))
			ENGINE=InnoDB
			ROW_FORMAT=DYNAMIC
			CHARACTER SET=utf8mb4
			COLLATE=utf8mb4_unicode_ci
2024-10-07 17:47:15,843 WARNING database DDL Query made to DB:
create table `tabCliente` (
			name varchar(140) primary key,
			creation datetime(6),
			modified datetime(6),
			modified_by varchar(140),
			owner varchar(140),
			docstatus int(1) not null default '0',
			idx int(8) not null default '0',
			`email` varchar(140),
`contraseña` text,
`nombre_usuario` varchar(140) unique,
`nombre` varchar(140),
`primer_apellido` varchar(140),
`segundo_apellido` varchar(140),
`dni` varchar(140),
`_user_tags` text,
`_comments` text,
`_assign` text,
`_liked_by` text,
index modified(modified))
			ENGINE=InnoDB
			ROW_FORMAT=DYNAMIC
			CHARACTER SET=utf8mb4
			COLLATE=utf8mb4_unicode_ci
2024-10-07 17:47:15,905 WARNING database DDL Query made to DB:
create table `tabReserva` (
			name varchar(140) primary key,
			creation datetime(6),
			modified datetime(6),
			modified_by varchar(140),
			owner varchar(140),
			docstatus int(1) not null default '0',
			idx int(8) not null default '0',
			`inicio` datetime(6),
`final` datetime(6),
`usuario` varchar(140),
`_user_tags` text,
`_comments` text,
`_assign` text,
`_liked_by` text,
index modified(modified))
			ENGINE=InnoDB
			ROW_FORMAT=DYNAMIC
			CHARACTER SET=utf8mb4
			COLLATE=utf8mb4_unicode_ci
2024-10-07 17:47:15,968 WARNING database DDL Query made to DB:
create table `tabGato` (
			name varchar(140) primary key,
			creation datetime(6),
			modified datetime(6),
			modified_by varchar(140),
			owner varchar(140),
			docstatus int(1) not null default '0',
			idx int(8) not null default '0',
			`nombre` varchar(140) unique,
`nacimiento` int(11) not null default 0,
`raza` varchar(140),
`comida` varchar(140),
`baja` int(1) not null default 0,
`_user_tags` text,
`_comments` text,
`_assign` text,
`_liked_by` text,
index modified(modified))
			ENGINE=InnoDB
			ROW_FORMAT=DYNAMIC
			CHARACTER SET=utf8mb4
			COLLATE=utf8mb4_unicode_ci
2024-10-07 17:47:17,188 WARNING database DDL Query made to DB:
ALTER TABLE `tabEmployee` MODIFY `ctc` decimal(21,9) not null default 0
2024-10-07 17:48:30,976 WARNING database DDL Query made to DB:
create table `tabAdopcion` (
			name varchar(140) primary key,
			creation datetime(6),
			modified datetime(6),
			modified_by varchar(140),
			owner varchar(140),
			docstatus int(1) not null default '0',
			idx int(8) not null default '0',
			`_user_tags` text,
`_comments` text,
`_assign` text,
`_liked_by` text,
index modified(modified))
			ENGINE=InnoDB
			ROW_FORMAT=DYNAMIC
			CHARACTER SET=utf8mb4
			COLLATE=utf8mb4_unicode_ci
2024-10-07 17:49:20,454 WARNING database DDL Query made to DB:
ALTER TABLE `tabAdopcion` ADD COLUMN `cliente` varchar(140), ADD COLUMN `fecha_adopcion` date
2024-10-08 08:12:52,213 WARNING database DDL Query made to DB:
alter table `tabAdopcion` add column if not exists parent varchar(140)
2024-10-08 08:12:52,229 WARNING database DDL Query made to DB:
alter table `tabAdopcion` add column if not exists parenttype varchar(140)
2024-10-08 08:12:52,241 WARNING database DDL Query made to DB:
alter table `tabAdopcion` add column if not exists parentfield varchar(140)
2024-10-08 08:33:19,620 WARNING database DDL Query made to DB:
alter table `tabAdopcion` add column if not exists parent varchar(140)
2024-10-08 08:33:19,620 WARNING database DDL Query made to DB:
alter table `tabAdopcion` add column if not exists parenttype varchar(140)
2024-10-08 08:33:19,620 WARNING database DDL Query made to DB:
alter table `tabAdopcion` add column if not exists parentfield varchar(140)
2024-10-08 08:41:46,149 WARNING database DDL Query made to DB:
alter table `tabAdopcion` add column if not exists parent varchar(140)
2024-10-08 08:41:46,150 WARNING database DDL Query made to DB:
alter table `tabAdopcion` add column if not exists parenttype varchar(140)
2024-10-08 08:41:46,151 WARNING database DDL Query made to DB:
alter table `tabAdopcion` add column if not exists parentfield varchar(140)
2024-10-08 09:59:12,754 WARNING database DDL Query made to DB:
create table `tabBuilder Page Client Script` (
			name varchar(140) primary key,
			creation datetime(6),
			modified datetime(6),
			modified_by varchar(140),
			owner varchar(140),
			docstatus int(1) not null default '0',
			idx int(8) not null default '0',
			`builder_script` varchar(140),
parent varchar(140),
parentfield varchar(140),
parenttype varchar(140),
index parent(parent))
			ENGINE=InnoDB
			ROW_FORMAT=DYNAMIC
			CHARACTER SET=utf8mb4
			COLLATE=utf8mb4_unicode_ci
2024-10-08 09:59:12,956 WARNING database DDL Query made to DB:
create table `tabBuilder Client Script` (
			name varchar(140) primary key,
			creation datetime(6),
			modified datetime(6),
			modified_by varchar(140),
			owner varchar(140),
			docstatus int(1) not null default '0',
			idx int(8) not null default '0',
			`script_type` varchar(140),
`script` longtext,
`public_url` varchar(140),
`_user_tags` text,
`_comments` text,
`_assign` text,
`_liked_by` text,
index modified(modified))
			ENGINE=InnoDB
			ROW_FORMAT=DYNAMIC
			CHARACTER SET=utf8mb4
			COLLATE=utf8mb4_unicode_ci
2024-10-08 09:59:13,026 WARNING database DDL Query made to DB:
create table `tabBuilder Component` (
			name varchar(140) primary key,
			creation datetime(6),
			modified datetime(6),
			modified_by varchar(140),
			owner varchar(140),
			docstatus int(1) not null default '0',
			idx int(8) not null default '0',
			`component_name` varchar(140),
`block` json,
`for_web_page` varchar(140),
`component_id` varchar(140) unique,
`_user_tags` text,
`_comments` text,
`_assign` text,
`_liked_by` text,
index modified(modified))
			ENGINE=InnoDB
			ROW_FORMAT=DYNAMIC
			CHARACTER SET=utf8mb4
			COLLATE=utf8mb4_unicode_ci
2024-10-08 09:59:13,119 WARNING database DDL Query made to DB:
create table `tabBuilder Page` (
			name varchar(140) primary key,
			creation datetime(6),
			modified datetime(6),
			modified_by varchar(140),
			owner varchar(140),
			docstatus int(1) not null default '0',
			idx int(8) not null default '0',
			`published` int(1) not null default 0,
`page_name` varchar(140) unique,
`route` varchar(140),
`dynamic_route` int(1) not null default 0,
`is_template` int(1) not null default 0,
`template_name` varchar(140),
`blocks` json,
`draft_blocks` json,
`page_data_script` longtext,
`preview` varchar(140),
`favicon` text,
`page_title` varchar(140),
`meta_description` text,
`meta_image` text,
`authenticated_access` int(1) not null default 0,
`disable_indexing` int(1) not null default 0,
`_user_tags` text,
`_comments` text,
`_assign` text,
`_liked_by` text,
index `route`(`route`),
index `page_title`(`page_title`),
index modified(modified))
			ENGINE=InnoDB
			ROW_FORMAT=DYNAMIC
			CHARACTER SET=utf8mb4
			COLLATE=utf8mb4_unicode_ci
2024-10-08 09:59:13,194 WARNING database DDL Query made to DB:
create table `tabBlock Template` (
			name varchar(140) primary key,
			creation datetime(6),
			modified datetime(6),
			modified_by varchar(140),
			owner varchar(140),
			docstatus int(1) not null default '0',
			idx int(8) not null default '0',
			`template_name` varchar(140) unique,
`block` json,
`preview` varchar(140),
`preview_width` int(11) not null default 1,
`preview_height` int(11) not null default 1,
`category` varchar(140) default 'Basic',
`order` int(11) not null default 0,
`_user_tags` text,
`_comments` text,
`_assign` text,
`_liked_by` text,
index `category`(`category`),
index modified(modified))
			ENGINE=InnoDB
			ROW_FORMAT=DYNAMIC
			CHARACTER SET=utf8mb4
			COLLATE=utf8mb4_unicode_ci
2024-10-08 11:44:57,155 WARNING database DDL Query made to DB:
create table `tabEmplado` (
			name varchar(140) primary key,
			creation datetime(6),
			modified datetime(6),
			modified_by varchar(140),
			owner varchar(140),
			docstatus int(1) not null default '0',
			idx int(8) not null default '0',
			`_user_tags` text,
`_comments` text,
`_assign` text,
`_liked_by` text,
index modified(modified))
			ENGINE=InnoDB
			ROW_FORMAT=DYNAMIC
			CHARACTER SET=utf8mb4
			COLLATE=utf8mb4_unicode_ci
2024-10-08 11:56:22,856 WARNING database DDL Query made to DB:
alter table `tabDocType` add column if not exists migration_hash varchar(140)
2024-10-08 11:56:23,911 WARNING database DDL Query made to DB:
ALTER TABLE `tabPrint Heading` DROP INDEX `print_heading`
2024-10-08 11:56:24,729 WARNING database DDL Query made to DB:
ALTER TABLE `tabPrint Heading` ADD UNIQUE INDEX IF NOT EXISTS print_heading (`print_heading`)
2024-10-08 11:56:27,062 WARNING database DDL Query made to DB:
ALTER TABLE `tabEmployee` MODIFY `ctc` decimal(21,9) not null default 0
2024-10-08 12:06:50,625 WARNING database DDL Query made to DB:
alter table `tabDocType` add column if not exists migration_hash varchar(140)
2024-10-08 12:06:51,380 WARNING database DDL Query made to DB:
ALTER TABLE `tabPrint Heading` DROP INDEX `print_heading`
2024-10-08 12:06:52,173 WARNING database DDL Query made to DB:
ALTER TABLE `tabPrint Heading` ADD UNIQUE INDEX IF NOT EXISTS print_heading (`print_heading`)
2024-10-08 12:06:54,281 WARNING database DDL Query made to DB:
ALTER TABLE `tabEmployee` MODIFY `ctc` decimal(21,9) not null default 0
2024-10-08 12:36:53,336 WARNING database DDL Query made to DB:
alter table `tabAdopcion` add column if not exists parent varchar(140)
2024-10-08 12:36:53,338 WARNING database DDL Query made to DB:
alter table `tabAdopcion` add column if not exists parenttype varchar(140)
2024-10-08 12:36:53,338 WARNING database DDL Query made to DB:
alter table `tabAdopcion` add column if not exists parentfield varchar(140)
2024-10-08 15:55:15,384 WARNING database DDL Query made to DB:
ALTER TABLE `tabReserva` ADD UNIQUE INDEX IF NOT EXISTS usuario (`usuario`)
